2024-05-01 16:11:52.9058|ERROR|Program|My Api stop(|System.Net.Sockets.SocketException (10049): Требуемый адрес для своего контекста неверен.
   at System.Net.Sockets.Socket.UpdateStatusAfterSocketErrorAndThrowException(SocketError error, String callerName)
   at System.Net.Sockets.Socket.DoBind(EndPoint endPointSnapshot, SocketAddress socketAddress)
   at System.Net.Sockets.Socket.Bind(EndPoint localEP)
   at Microsoft.AspNetCore.Server.Kestrel.Transport.Sockets.SocketTransportOptions.CreateDefaultBoundListenSocket(EndPoint endpoint)
   at Microsoft.AspNetCore.Server.Kestrel.Transport.Sockets.SocketConnectionListener.Bind()
   at Microsoft.AspNetCore.Server.Kestrel.Transport.Sockets.SocketTransportFactory.BindAsync(EndPoint endpoint, CancellationToken cancellationToken)
   at Microsoft.AspNetCore.Server.Kestrel.Core.Internal.Infrastructure.TransportManager.BindAsync(EndPoint endPoint, ConnectionDelegate connectionDelegate, EndpointConfig endpointConfig, CancellationToken cancellationToken)
   at Microsoft.AspNetCore.Server.Kestrel.Core.KestrelServerImpl.<>c__DisplayClass30_0`1.<<StartAsync>g__OnBind|0>d.MoveNext()
--- End of stack trace from previous location ---
   at Microsoft.AspNetCore.Server.Kestrel.Core.Internal.AddressBinder.BindEndpointAsync(ListenOptions endpoint, AddressBindContext context, CancellationToken cancellationToken)
   at Microsoft.AspNetCore.Server.Kestrel.Core.ListenOptions.BindAsync(AddressBindContext context, CancellationToken cancellationToken)
   at Microsoft.AspNetCore.Server.Kestrel.Core.Internal.AddressBinder.AddressesStrategy.BindAsync(AddressBindContext context, CancellationToken cancellationToken)
   at Microsoft.AspNetCore.Server.Kestrel.Core.Internal.AddressBinder.BindAsync(IEnumerable`1 listenOptions, AddressBindContext context, CancellationToken cancellationToken)
   at Microsoft.AspNetCore.Server.Kestrel.Core.KestrelServerImpl.BindAsync(CancellationToken cancellationToken)
   at Microsoft.AspNetCore.Server.Kestrel.Core.KestrelServerImpl.StartAsync[TContext](IHttpApplication`1 application, CancellationToken cancellationToken)
   at Microsoft.AspNetCore.Hosting.GenericWebHostService.StartAsync(CancellationToken cancellationToken)
   at Microsoft.Extensions.Hosting.Internal.Host.StartAsync(CancellationToken cancellationToken)
   at Microsoft.Extensions.Hosting.HostingAbstractionsHostExtensions.RunAsync(IHost host, CancellationToken token)
   at Microsoft.Extensions.Hosting.HostingAbstractionsHostExtensions.RunAsync(IHost host, CancellationToken token)
   at Microsoft.Extensions.Hosting.HostingAbstractionsHostExtensions.Run(IHost host)
   at Microsoft.AspNetCore.Builder.WebApplication.Run(String url)
   at Program.<Main>$(String[] args) in C:\Users\Gigabyte\source\repos\EatsOnAPI\EatsOnAPI\Program.cs:line 90
2024-05-01 16:12:03.0851|ERROR|Program|My Api stop(|System.Net.Sockets.SocketException (10049): Требуемый адрес для своего контекста неверен.
   at System.Net.Sockets.Socket.UpdateStatusAfterSocketErrorAndThrowException(SocketError error, String callerName)
   at System.Net.Sockets.Socket.DoBind(EndPoint endPointSnapshot, SocketAddress socketAddress)
   at System.Net.Sockets.Socket.Bind(EndPoint localEP)
   at Microsoft.AspNetCore.Server.Kestrel.Transport.Sockets.SocketTransportOptions.CreateDefaultBoundListenSocket(EndPoint endpoint)
   at Microsoft.AspNetCore.Server.Kestrel.Transport.Sockets.SocketConnectionListener.Bind()
   at Microsoft.AspNetCore.Server.Kestrel.Transport.Sockets.SocketTransportFactory.BindAsync(EndPoint endpoint, CancellationToken cancellationToken)
   at Microsoft.AspNetCore.Server.Kestrel.Core.Internal.Infrastructure.TransportManager.BindAsync(EndPoint endPoint, ConnectionDelegate connectionDelegate, EndpointConfig endpointConfig, CancellationToken cancellationToken)
   at Microsoft.AspNetCore.Server.Kestrel.Core.KestrelServerImpl.<>c__DisplayClass30_0`1.<<StartAsync>g__OnBind|0>d.MoveNext()
--- End of stack trace from previous location ---
   at Microsoft.AspNetCore.Server.Kestrel.Core.Internal.AddressBinder.BindEndpointAsync(ListenOptions endpoint, AddressBindContext context, CancellationToken cancellationToken)
   at Microsoft.AspNetCore.Server.Kestrel.Core.ListenOptions.BindAsync(AddressBindContext context, CancellationToken cancellationToken)
   at Microsoft.AspNetCore.Server.Kestrel.Core.Internal.AddressBinder.AddressesStrategy.BindAsync(AddressBindContext context, CancellationToken cancellationToken)
   at Microsoft.AspNetCore.Server.Kestrel.Core.Internal.AddressBinder.BindAsync(IEnumerable`1 listenOptions, AddressBindContext context, CancellationToken cancellationToken)
   at Microsoft.AspNetCore.Server.Kestrel.Core.KestrelServerImpl.BindAsync(CancellationToken cancellationToken)
   at Microsoft.AspNetCore.Server.Kestrel.Core.KestrelServerImpl.StartAsync[TContext](IHttpApplication`1 application, CancellationToken cancellationToken)
   at Microsoft.AspNetCore.Hosting.GenericWebHostService.StartAsync(CancellationToken cancellationToken)
   at Microsoft.Extensions.Hosting.Internal.Host.StartAsync(CancellationToken cancellationToken)
   at Microsoft.Extensions.Hosting.HostingAbstractionsHostExtensions.RunAsync(IHost host, CancellationToken token)
   at Microsoft.Extensions.Hosting.HostingAbstractionsHostExtensions.RunAsync(IHost host, CancellationToken token)
   at Microsoft.Extensions.Hosting.HostingAbstractionsHostExtensions.Run(IHost host)
   at Microsoft.AspNetCore.Builder.WebApplication.Run(String url)
   at Program.<Main>$(String[] args) in C:\Users\Gigabyte\source\repos\EatsOnAPI\EatsOnAPI\Program.cs:line 90
2024-05-01 19:30:59.9224|FATAL|EatsOnAPI.Controllers.DayPlansController|Критический тестовый лог
2024-05-01 19:31:03.5223|FATAL|EatsOnAPI.Controllers.DayPlansController|Критический тестовый лог
2024-05-01 19:31:05.0539|FATAL|EatsOnAPI.Controllers.DayPlansController|Критический тестовый лог
2024-05-01 20:32:04.4757|FATAL|EatsOnAPI.Controllers.DayPlansController|Критический тестовый лог
2024-05-01 20:32:08.1925|FATAL|EatsOnAPI.Controllers.DayPlansController|Критический тестовый лог
2024-05-01 20:32:11.0186|FATAL|EatsOnAPI.Controllers.DayPlansController|Критический тестовый лог
2024-05-01 22:49:25.8466|FATAL|EatsOnAPI.Controllers.DayPlansController|Критический тестовый лог
2024-05-01 22:49:27.4696|FATAL|EatsOnAPI.Controllers.DayPlansController|Критический тестовый лог
2024-05-01 22:49:30.8525|FATAL|EatsOnAPI.Controllers.DayPlansController|Критический тестовый лог
2024-05-01 23:10:18.9064|FATAL|EatsOnAPI.Controllers.DayPlansController|Критический тестовый лог
2024-05-01 23:16:07.1883|FATAL|EatsOnAPI.Controllers.DayPlansController|Критический тестовый лог
2024-05-01 23:16:10.6312|FATAL|EatsOnAPI.Controllers.DayPlansController|Критический тестовый лог
2024-05-01 23:16:12.0474|FATAL|EatsOnAPI.Controllers.DayPlansController|Критический тестовый лог
2024-05-01 23:16:15.3062|FATAL|EatsOnAPI.Controllers.DayPlansController|Критический тестовый лог
2024-05-01 23:16:16.5939|FATAL|EatsOnAPI.Controllers.DayPlansController|Критический тестовый лог
2024-05-01 23:19:36.0367|FATAL|EatsOnAPI.Controllers.DayPlansController|Критический тестовый лог
2024-05-01 23:19:52.6620|FATAL|EatsOnAPI.Controllers.DayPlansController|Критический тестовый лог
2024-05-01 23:20:13.9115|FATAL|EatsOnAPI.Controllers.DayPlansController|Критический тестовый лог
2024-05-01 23:22:22.0026|FATAL|EatsOnAPI.Controllers.DayPlansController|Критический тестовый лог
